<?xml version="1.0" encoding="UTF-8"?>
<!-- Generated by org.testng.reporters.JUnitXMLReporter -->
<testsuite ignored="0" hostname="LAPTOP-DK7KINI4" failures="0" tests="6" name="Functional Test" time="0.031" errors="0" timestamp="2022-09-26T19:28:01 IST">
  <testcase classname="SuitAnnotationPractice.TestCase1" name="m1" time="0.003"/>
  <testcase classname="SuitAnnotationPractice.TestCase1" name="m2" time="0.001"/>
  <testcase classname="SuitAnnotationPractice.TestCase1" name="m3" time="0.001"/>
  <testcase classname="SuitAnnotationPractice.TestCase2" name="m4" time="0.0"/>
  <testcase classname="SuitAnnotationPractice.TestCase2" name="m5" time="0.002"/>
  <testcase classname="SuitAnnotationPractice.TestCase2" name="m6" time="0.001"/>
</testsuite> <!-- Functional Test -->
